[ERROR] 2023-04-10T16:27:10,705 PruebasLog4j - Esto es una prueba de error
[INFO ] 2023-04-10T16:27:10,707 PruebasLog4j - Esto es una prueba de info
[ERROR] 2023-04-10T16:34:11,051 PruebasLog4j - Error en la clase App
[ERROR] 2023-04-10T16:34:11,054 PruebasLog4j - Esto es una prueba de error
[INFO ] 2023-04-10T16:34:11,054 PruebasLog4j - Esto es una prueba de info
[ERROR] 2023-04-10T16:34:43,139 PruebasLog4j - Error en la clase App
[ERROR] 2023-04-10T16:34:43,141 PruebasLog4j - Esto es una prueba de error
[INFO ] 2023-04-10T16:34:43,141 PruebasLog4j - Esto es una prueba de info
[ERROR] 2023-04-10T16:35:12,436 PruebasLog4j - Error en la clase App
[ERROR] 2023-04-10T16:35:12,438 PruebasLog4j - Esto es una prueba de error
[INFO ] 2023-04-10T16:35:12,440 PruebasLog4j - Esto es una prueba de info
[ERROR] 2023-04-10T16:35:20,287 PruebasLog4j - Error en la clase App
[ERROR] 2023-04-10T16:35:20,289 PruebasLog4j - Esto es una prueba de error
[INFO ] 2023-04-10T16:35:20,289 PruebasLog4j - Esto es una prueba de info
[ERROR] 2023-04-10T16:35:45,146 PruebasLog4j - Error en la clase App
[ERROR] 2023-04-10T16:35:45,149 PruebasLog4j - Esto es una prueba de error
[INFO ] 2023-04-10T16:35:45,149 PruebasLog4j - Esto es una prueba de info
[ERROR] 2023-04-10T16:36:09,380 PruebasLog4j - Esto es una prueba de error
[INFO ] 2023-04-10T16:36:09,383 PruebasLog4j - Esto es una prueba de info
[ERROR] 2023-04-10T16:36:56,812 PruebasLog4j - Error en la clase App
[ERROR] 2023-04-10T16:36:56,814 PruebasLog4j - Esto es una prueba de error
[INFO ] 2023-04-10T16:36:56,814 PruebasLog4j - Esto es una prueba de info
[ERROR] 2023-04-10T16:37:35,463 PruebasLog4j - Error en la clase App
[ERROR] 2023-04-10T16:37:35,466 PruebasLog4j - Esto es una prueba de error
[INFO ] 2023-04-10T16:37:35,466 PruebasLog4j - Esto es una prueba de info
[ERROR] 2023-04-10T16:38:34,657 PruebasLog4j - Error en la clase App
[ERROR] 2023-04-10T16:38:34,659 PruebasLog4j - Esto es una prueba de error
[INFO ] 2023-04-10T16:38:34,659 PruebasLog4j - Esto es una prueba de info
[ERROR] 2023-04-10T16:39:23,513 PruebasLog4j - Error en la clase App
[ERROR] 2023-04-10T16:39:23,516 PruebasLog4j - Esto es una prueba de error
[INFO ] 2023-04-10T16:39:23,516 PruebasLog4j - Esto es una prueba de info
[ERROR] 2023-04-10T16:40:08,538 PruebasLog4j - Error en la clase App
[ERROR] 2023-04-10T16:40:08,541 PruebasLog4j - Esto es una prueba de error
[INFO ] 2023-04-10T16:40:08,541 PruebasLog4j - Esto es una prueba de info
[ERROR] 2023-04-10T16:40:20,809 PruebasLog4j - Esto es una prueba de error
[INFO ] 2023-04-10T16:40:20,811 PruebasLog4j - Esto es una prueba de info
[ERROR] 2023-04-11T19:34:51,419 PruebasLog4j - Error en la clase App
[ERROR] 2023-04-11T19:34:51,423 PruebasLog4j - Esto es una prueba de error
[INFO ] 2023-04-11T19:34:51,423 PruebasLog4j - Esto es una prueba de info
[ERROR] 2023-04-11T19:36:13,013 PruebasLog4j - Error en la clase App
[ERROR] 2023-04-11T19:36:13,015 PruebasLog4j - Esto es una prueba de error
[INFO ] 2023-04-11T19:36:13,015 PruebasLog4j - Esto es una prueba de info
[ERROR] 2023-04-11T19:36:43,611 PruebasLog4j - Error en la clase App
[ERROR] 2023-04-11T19:36:43,613 PruebasLog4j - Esto es una prueba de error
[INFO ] 2023-04-11T19:36:43,613 PruebasLog4j - Esto es una prueba de info
[ERROR] 2023-04-11T19:37:58,022 PruebasLog4j - Error en la clase App
[ERROR] 2023-04-11T19:37:58,025 PruebasLog4j - Esto es una prueba de error
[INFO ] 2023-04-11T19:37:58,025 PruebasLog4j - Esto es una prueba de info
[ERROR] 2023-04-11T19:38:53,805 PruebasLog4j - Error en la clase App
[ERROR] 2023-04-11T19:38:53,808 PruebasLog4j - Esto es una prueba de error
[INFO ] 2023-04-11T19:38:53,809 PruebasLog4j - Esto es una prueba de info
[ERROR] 2023-04-11T19:39:59,638 PruebasLog4j - Esto es una prueba de error
[INFO ] 2023-04-11T19:39:59,640 PruebasLog4j - Esto es una prueba de info
[ERROR] 2023-04-11T19:40:42,665 PruebasLog4j - Error en la clase App
[ERROR] 2023-04-11T19:40:42,668 PruebasLog4j - Esto es una prueba de error
[INFO ] 2023-04-11T19:40:42,668 PruebasLog4j - Esto es una prueba de info
[ERROR] 2023-04-11T19:43:24,141 PruebasLog4j - Esto es una prueba de error
[INFO ] 2023-04-11T19:43:24,144 PruebasLog4j - Esto es una prueba de info
[ERROR] 2023-04-11T19:44:04,121 PruebasLog4j - Esto es una prueba de error
[INFO ] 2023-04-11T19:44:04,124 PruebasLog4j - Esto es una prueba de info
[ERROR] 2023-04-11T19:44:29,623 PruebasLog4j - Esto es una prueba de error
[INFO ] 2023-04-11T19:44:29,626 PruebasLog4j - Esto es una prueba de info
[ERROR] 2023-04-11T19:44:56,080 PruebasLog4j - Error en la clase App
[ERROR] 2023-04-11T19:44:56,082 PruebasLog4j - Esto es una prueba de error
[INFO ] 2023-04-11T19:44:56,082 PruebasLog4j - Esto es una prueba de info
[ERROR] 2023-04-11T19:45:30,176 PruebasLog4j - Error en la clase App
[ERROR] 2023-04-11T19:45:30,179 PruebasLog4j - Esto es una prueba de error
[INFO ] 2023-04-11T19:45:30,179 PruebasLog4j - Esto es una prueba de info
[ERROR] 2023-04-11T19:45:51,250 PruebasLog4j - Esto es una prueba de error
[INFO ] 2023-04-11T19:45:51,252 PruebasLog4j - Esto es una prueba de info
[ERROR] 2023-04-11T19:46:28,051 PruebasLog4j - Esto es una prueba de error
[INFO ] 2023-04-11T19:46:28,054 PruebasLog4j - Esto es una prueba de info
[ERROR] 2023-04-11T19:52:28,198 PruebasLog4j - Error en la clase App
[ERROR] 2023-04-11T19:52:28,200 PruebasLog4j - Esto es una prueba de error
[INFO ] 2023-04-11T19:52:28,200 PruebasLog4j - Esto es una prueba de info
[ERROR] 2023-04-11T19:56:27,149 PruebasLog4j - Error en la clase App
[ERROR] 2023-04-11T19:56:27,152 PruebasLog4j - Esto es una prueba de error
[INFO ] 2023-04-11T19:56:27,152 PruebasLog4j - Esto es una prueba de info
[ERROR] 2023-04-11T19:56:58,988 PruebasLog4j - Error en la clase App
[ERROR] 2023-04-11T19:56:58,991 PruebasLog4j - Esto es una prueba de error
[INFO ] 2023-04-11T19:56:58,991 PruebasLog4j - Esto es una prueba de info
[ERROR] 2023-04-11T19:57:13,102 PruebasLog4j - Error en la clase App
[ERROR] 2023-04-11T19:57:13,104 PruebasLog4j - Esto es una prueba de error
[INFO ] 2023-04-11T19:57:13,104 PruebasLog4j - Esto es una prueba de info
[ERROR] 2023-04-11T19:57:48,993 PruebasLog4j - Error en la clase App
[ERROR] 2023-04-11T19:57:48,997 PruebasLog4j - Esto es una prueba de error
[INFO ] 2023-04-11T19:57:48,997 PruebasLog4j - Esto es una prueba de info
[ERROR] 2023-04-11T19:58:08,881 PruebasLog4j - Error en la clase App
[ERROR] 2023-04-11T19:58:08,883 PruebasLog4j - Esto es una prueba de error
[INFO ] 2023-04-11T19:58:08,883 PruebasLog4j - Esto es una prueba de info
[ERROR] 2023-04-11T19:59:50,235 PruebasLog4j - Error en la clase App
[ERROR] 2023-04-11T19:59:50,237 PruebasLog4j - Esto es una prueba de error
[INFO ] 2023-04-11T19:59:50,238 PruebasLog4j - Esto es una prueba de info
[ERROR] 2023-04-11T20:00:12,342 PruebasLog4j - Error en la clase App
[ERROR] 2023-04-11T20:00:12,344 PruebasLog4j - Esto es una prueba de error
[INFO ] 2023-04-11T20:00:12,344 PruebasLog4j - Esto es una prueba de info
[ERROR] 2023-04-11T20:00:16,933 PruebasLog4j - Error en la clase App
[ERROR] 2023-04-11T20:00:16,935 PruebasLog4j - Esto es una prueba de error
[INFO ] 2023-04-11T20:00:16,935 PruebasLog4j - Esto es una prueba de info
[ERROR] 2023-04-11T20:00:29,602 PruebasLog4j - Error en la clase App
[ERROR] 2023-04-11T20:00:29,605 PruebasLog4j - Esto es una prueba de error
[INFO ] 2023-04-11T20:00:29,605 PruebasLog4j - Esto es una prueba de info
[ERROR] 2023-04-11T20:00:51,936 PruebasLog4j - Error en la clase App
[ERROR] 2023-04-11T20:00:51,938 PruebasLog4j - Esto es una prueba de error
[INFO ] 2023-04-11T20:00:51,938 PruebasLog4j - Esto es una prueba de info
[ERROR] 2023-04-11T20:01:01,249 PruebasLog4j - Error en la clase App
[ERROR] 2023-04-11T20:01:01,251 PruebasLog4j - Esto es una prueba de error
[INFO ] 2023-04-11T20:01:01,251 PruebasLog4j - Esto es una prueba de info
[ERROR] 2023-04-11T20:01:54,497 PruebasLog4j - Error en la clase App
[ERROR] 2023-04-11T20:01:54,500 PruebasLog4j - Esto es una prueba de error
[INFO ] 2023-04-11T20:01:54,500 PruebasLog4j - Esto es una prueba de info
[ERROR] 2023-04-11T20:02:24,236 PruebasLog4j - Esto es una prueba de error
[INFO ] 2023-04-11T20:02:24,238 PruebasLog4j - Esto es una prueba de info
[ERROR] 2023-04-11T20:05:39,945 PruebasLog4j - Error en la clase App
[ERROR] 2023-04-11T20:05:39,947 PruebasLog4j - Esto es una prueba de error
[INFO ] 2023-04-11T20:05:39,947 PruebasLog4j - Esto es una prueba de info
[ERROR] 2023-04-11T20:06:25,850 PruebasLog4j - Esto es una prueba de error
[INFO ] 2023-04-11T20:06:25,852 PruebasLog4j - Esto es una prueba de info
[ERROR] 2023-04-11T20:07:49,270 PruebasLog4j - Error en la clase App
[ERROR] 2023-04-11T20:07:49,276 PruebasLog4j - Esto es una prueba de error
[INFO ] 2023-04-11T20:07:49,276 PruebasLog4j - Esto es una prueba de info
[INFO ] 2023-04-11T20:11:41,455 PruebasLog4j - INICIO DEL PROCEDURE
[INFO ] 2023-04-11T20:11:45,518 PruebasLog4j - IMPRIMIDOS 1000
[INFO ] 2023-04-11T20:11:49,539 PruebasLog4j - IMPRIMIDOS 2000
[INFO ] 2023-04-11T20:11:53,271 PruebasLog4j - IMPRIMIDOS 3000
[INFO ] 2023-04-11T20:11:56,838 PruebasLog4j - IMPRIMIDOS 4000
[INFO ] 2023-04-11T20:12:00,464 PruebasLog4j - IMPRIMIDOS 5000
[INFO ] 2023-04-11T20:12:04,008 PruebasLog4j - IMPRIMIDOS 6000
[INFO ] 2023-04-11T20:12:07,557 PruebasLog4j - IMPRIMIDOS 7000
[INFO ] 2023-04-11T20:12:11,091 PruebasLog4j - IMPRIMIDOS 8000
[INFO ] 2023-04-11T20:12:14,671 PruebasLog4j - IMPRIMIDOS 9000
[INFO ] 2023-04-11T20:12:18,515 PruebasLog4j - IMPRIMIDOS 10000
[INFO ] 2023-04-11T20:12:22,198 PruebasLog4j - IMPRIMIDOS 11000
[INFO ] 2023-04-11T20:12:26,051 PruebasLog4j - IMPRIMIDOS 12000
[INFO ] 2023-04-11T20:12:29,912 PruebasLog4j - IMPRIMIDOS 13000
[INFO ] 2023-04-11T20:12:33,600 PruebasLog4j - IMPRIMIDOS 14000
[INFO ] 2023-04-11T20:12:37,721 PruebasLog4j - IMPRIMIDOS 15000
[INFO ] 2023-04-11T20:12:41,665 PruebasLog4j - IMPRIMIDOS 16000
[INFO ] 2023-04-11T20:12:45,444 PruebasLog4j - IMPRIMIDOS 17000
[INFO ] 2023-04-11T20:12:49,247 PruebasLog4j - IMPRIMIDOS 18000
[INFO ] 2023-04-11T20:12:53,027 PruebasLog4j - IMPRIMIDOS 19000
[INFO ] 2023-04-11T20:12:56,809 PruebasLog4j - IMPRIMIDOS 20000
[INFO ] 2023-04-11T20:13:00,554 PruebasLog4j - IMPRIMIDOS 21000
[INFO ] 2023-04-11T20:13:04,413 PruebasLog4j - IMPRIMIDOS 22000
[INFO ] 2023-04-11T20:13:08,544 PruebasLog4j - IMPRIMIDOS 23000
[INFO ] 2023-04-11T20:13:12,312 PruebasLog4j - IMPRIMIDOS 24000
[INFO ] 2023-04-11T20:13:15,950 PruebasLog4j - IMPRIMIDOS 25000
[INFO ] 2023-04-11T20:13:20,162 PruebasLog4j - IMPRIMIDOS 26000
[INFO ] 2023-04-11T20:13:25,178 PruebasLog4j - IMPRIMIDOS 27000
[INFO ] 2023-04-11T20:13:29,272 PruebasLog4j - IMPRIMIDOS 28000
[INFO ] 2023-04-11T20:13:33,353 PruebasLog4j - IMPRIMIDOS 29000
[INFO ] 2023-04-11T20:13:37,453 PruebasLog4j - IMPRIMIDOS 30000
[INFO ] 2023-04-11T20:13:41,628 PruebasLog4j - IMPRIMIDOS 31000
[INFO ] 2023-04-11T20:13:45,730 PruebasLog4j - IMPRIMIDOS 32000
[INFO ] 2023-04-11T20:13:50,246 PruebasLog4j - IMPRIMIDOS 33000
[INFO ] 2023-04-11T20:13:54,259 PruebasLog4j - IMPRIMIDOS 34000
[INFO ] 2023-04-11T20:13:58,296 PruebasLog4j - IMPRIMIDOS 35000
[INFO ] 2023-04-11T20:14:02,250 PruebasLog4j - IMPRIMIDOS 36000
[INFO ] 2023-04-11T20:14:05,943 PruebasLog4j - IMPRIMIDOS 37000
[INFO ] 2023-04-11T20:14:09,549 PruebasLog4j - IMPRIMIDOS 38000
[INFO ] 2023-04-11T20:14:13,161 PruebasLog4j - IMPRIMIDOS 39000
[INFO ] 2023-04-11T20:14:16,889 PruebasLog4j - IMPRIMIDOS 40000
[INFO ] 2023-04-11T20:16:35,117 PruebasLog4j - INICIO DEL PROCEDURE
[ERROR] 2023-04-11T20:16:35,150 PruebasLog4j - Error en la clase App
[ERROR] 2023-04-11T20:16:35,151 PruebasLog4j - Esto es una prueba de error
[INFO ] 2023-04-11T20:16:35,152 PruebasLog4j - Esto es una prueba de info
[INFO ] 2023-04-11T20:17:03,122 PruebasLog4j - INICIO DEL PROCEDURE
[INFO ] 2023-04-11T20:17:04,263 PruebasLog4j - IMPRIMIDOS 1000
[INFO ] 2023-04-11T20:17:05,198 PruebasLog4j - IMPRIMIDOS 2000
[INFO ] 2023-04-11T20:17:06,203 PruebasLog4j - IMPRIMIDOS 3000
[INFO ] 2023-04-11T20:17:07,142 PruebasLog4j - IMPRIMIDOS 4000
[INFO ] 2023-04-11T20:17:08,081 PruebasLog4j - IMPRIMIDOS 5000
[INFO ] 2023-04-11T20:17:09,010 PruebasLog4j - IMPRIMIDOS 6000
[INFO ] 2023-04-11T20:17:09,898 PruebasLog4j - IMPRIMIDOS 7000
[INFO ] 2023-04-11T20:17:10,830 PruebasLog4j - IMPRIMIDOS 8000
[INFO ] 2023-04-11T20:17:11,751 PruebasLog4j - IMPRIMIDOS 9000
[INFO ] 2023-04-11T20:17:12,662 PruebasLog4j - IMPRIMIDOS 10000
[INFO ] 2023-04-11T20:17:13,549 PruebasLog4j - IMPRIMIDOS 11000
[INFO ] 2023-04-11T20:17:14,418 PruebasLog4j - IMPRIMIDOS 12000
[INFO ] 2023-04-11T20:17:15,291 PruebasLog4j - IMPRIMIDOS 13000
[INFO ] 2023-04-11T20:17:16,216 PruebasLog4j - IMPRIMIDOS 14000
[INFO ] 2023-04-11T20:17:17,232 PruebasLog4j - IMPRIMIDOS 15000
[INFO ] 2023-04-11T20:17:18,250 PruebasLog4j - IMPRIMIDOS 16000
[INFO ] 2023-04-11T20:17:19,168 PruebasLog4j - IMPRIMIDOS 17000
[INFO ] 2023-04-11T20:17:20,144 PruebasLog4j - IMPRIMIDOS 18000
[INFO ] 2023-04-11T20:17:21,115 PruebasLog4j - IMPRIMIDOS 19000
[INFO ] 2023-04-11T20:17:22,018 PruebasLog4j - IMPRIMIDOS 20000
[INFO ] 2023-04-11T20:17:22,948 PruebasLog4j - IMPRIMIDOS 21000
[INFO ] 2023-04-11T20:17:23,845 PruebasLog4j - IMPRIMIDOS 22000
[INFO ] 2023-04-11T20:17:24,726 PruebasLog4j - IMPRIMIDOS 23000
[INFO ] 2023-04-11T20:17:25,633 PruebasLog4j - IMPRIMIDOS 24000
[INFO ] 2023-04-11T20:17:26,487 PruebasLog4j - IMPRIMIDOS 25000
[INFO ] 2023-04-11T20:17:27,382 PruebasLog4j - IMPRIMIDOS 26000
[INFO ] 2023-04-11T20:17:28,338 PruebasLog4j - IMPRIMIDOS 27000
[INFO ] 2023-04-11T20:17:29,249 PruebasLog4j - IMPRIMIDOS 28000
[INFO ] 2023-04-11T20:17:30,146 PruebasLog4j - IMPRIMIDOS 29000
[INFO ] 2023-04-11T20:17:31,096 PruebasLog4j - IMPRIMIDOS 30000
[INFO ] 2023-04-11T20:17:32,039 PruebasLog4j - IMPRIMIDOS 31000
[INFO ] 2023-04-11T20:17:32,978 PruebasLog4j - IMPRIMIDOS 32000
[INFO ] 2023-04-11T20:17:33,925 PruebasLog4j - IMPRIMIDOS 33000
[INFO ] 2023-04-11T20:17:34,884 PruebasLog4j - IMPRIMIDOS 34000
[INFO ] 2023-04-11T20:17:35,785 PruebasLog4j - IMPRIMIDOS 35000
[INFO ] 2023-04-11T20:17:36,760 PruebasLog4j - IMPRIMIDOS 36000
[INFO ] 2023-04-11T20:17:37,723 PruebasLog4j - IMPRIMIDOS 37000
[INFO ] 2023-04-11T20:17:38,667 PruebasLog4j - IMPRIMIDOS 38000
[INFO ] 2023-04-11T20:17:39,580 PruebasLog4j - IMPRIMIDOS 39000
[INFO ] 2023-04-11T20:19:39,861 PruebasLog4j - FILAS AFECTADAS: 8
[INFO ] 2023-04-11T20:19:39,873 PruebasLog4j - INICIO DEL PROCEDURE
[INFO ] 2023-04-11T20:19:40,962 PruebasLog4j - IMPRIMIDOS 1000
[INFO ] 2023-04-11T20:19:41,881 PruebasLog4j - IMPRIMIDOS 2000
[INFO ] 2023-04-11T20:19:42,820 PruebasLog4j - IMPRIMIDOS 3000
[INFO ] 2023-04-11T20:19:43,742 PruebasLog4j - IMPRIMIDOS 4000
[INFO ] 2023-04-11T20:19:44,699 PruebasLog4j - IMPRIMIDOS 5000
[INFO ] 2023-04-11T20:19:45,595 PruebasLog4j - IMPRIMIDOS 6000
[INFO ] 2023-04-11T20:19:46,508 PruebasLog4j - IMPRIMIDOS 7000
[INFO ] 2023-04-11T20:19:47,443 PruebasLog4j - IMPRIMIDOS 8000
[INFO ] 2023-04-11T20:19:48,441 PruebasLog4j - IMPRIMIDOS 9000
[INFO ] 2023-04-11T20:19:49,451 PruebasLog4j - IMPRIMIDOS 10000
[INFO ] 2023-04-11T20:19:49,452 PruebasLog4j - ROLLBACK 10000
[INFO ] 2023-04-11T20:19:50,526 PruebasLog4j - IMPRIMIDOS 11000
[INFO ] 2023-04-11T20:19:51,494 PruebasLog4j - IMPRIMIDOS 12000
[INFO ] 2023-04-11T20:19:52,368 PruebasLog4j - IMPRIMIDOS 13000
[INFO ] 2023-04-11T20:19:53,287 PruebasLog4j - IMPRIMIDOS 14000
[INFO ] 2023-04-11T20:19:54,176 PruebasLog4j - IMPRIMIDOS 15000
[INFO ] 2023-04-11T20:19:55,154 PruebasLog4j - IMPRIMIDOS 16000
[INFO ] 2023-04-11T20:19:56,083 PruebasLog4j - IMPRIMIDOS 17000
[INFO ] 2023-04-11T20:19:57,050 PruebasLog4j - IMPRIMIDOS 18000
[INFO ] 2023-04-11T20:19:57,975 PruebasLog4j - IMPRIMIDOS 19000
[INFO ] 2023-04-11T20:19:58,869 PruebasLog4j - IMPRIMIDOS 20000
[INFO ] 2023-04-11T20:19:58,869 PruebasLog4j - ROLLBACK 20000
[INFO ] 2023-04-11T20:19:59,935 PruebasLog4j - IMPRIMIDOS 21000
[INFO ] 2023-04-11T20:20:00,875 PruebasLog4j - IMPRIMIDOS 22000
[INFO ] 2023-04-11T20:20:22,674 PruebasLog4j - FILAS AFECTADAS: 0
[INFO ] 2023-04-11T20:20:22,686 PruebasLog4j - INICIO DEL PROCEDURE
[INFO ] 2023-04-11T20:20:23,769 PruebasLog4j - IMPRIMIDOS 1000
[INFO ] 2023-04-11T20:20:24,878 PruebasLog4j - IMPRIMIDOS 2000
[INFO ] 2023-04-11T20:20:25,844 PruebasLog4j - IMPRIMIDOS 3000
[INFO ] 2023-04-11T20:20:26,732 PruebasLog4j - IMPRIMIDOS 4000
[INFO ] 2023-04-11T20:20:27,782 PruebasLog4j - IMPRIMIDOS 5000
[INFO ] 2023-04-11T20:20:28,808 PruebasLog4j - IMPRIMIDOS 6000
[INFO ] 2023-04-11T20:20:29,739 PruebasLog4j - IMPRIMIDOS 7000
[INFO ] 2023-04-11T20:20:30,673 PruebasLog4j - IMPRIMIDOS 8000
[INFO ] 2023-04-11T20:20:31,671 PruebasLog4j - IMPRIMIDOS 9000
[INFO ] 2023-04-11T20:20:32,602 PruebasLog4j - IMPRIMIDOS 10000
[INFO ] 2023-04-11T20:20:32,602 PruebasLog4j - COMMIT 10000
[INFO ] 2023-04-11T20:20:33,515 PruebasLog4j - IMPRIMIDOS 11000
[INFO ] 2023-04-11T20:20:34,378 PruebasLog4j - IMPRIMIDOS 12000
[INFO ] 2023-04-11T20:20:35,232 PruebasLog4j - IMPRIMIDOS 13000
[INFO ] 2023-04-11T20:20:36,116 PruebasLog4j - IMPRIMIDOS 14000
[INFO ] 2023-04-11T20:20:37,006 PruebasLog4j - IMPRIMIDOS 15000
[INFO ] 2023-04-11T20:20:37,873 PruebasLog4j - IMPRIMIDOS 16000
[INFO ] 2023-04-11T20:20:38,761 PruebasLog4j - IMPRIMIDOS 17000
[INFO ] 2023-04-11T20:20:39,630 PruebasLog4j - IMPRIMIDOS 18000
[INFO ] 2023-04-11T20:20:40,527 PruebasLog4j - IMPRIMIDOS 19000
[INFO ] 2023-04-11T20:20:41,427 PruebasLog4j - IMPRIMIDOS 20000
[INFO ] 2023-04-11T20:20:41,427 PruebasLog4j - COMMIT 20000
[INFO ] 2023-04-11T20:20:42,315 PruebasLog4j - IMPRIMIDOS 21000
[INFO ] 2023-04-11T20:20:43,232 PruebasLog4j - IMPRIMIDOS 22000
[INFO ] 2023-04-11T20:20:44,135 PruebasLog4j - IMPRIMIDOS 23000
[INFO ] 2023-04-11T20:20:45,043 PruebasLog4j - IMPRIMIDOS 24000
[INFO ] 2023-04-11T20:20:45,948 PruebasLog4j - IMPRIMIDOS 25000
[INFO ] 2023-04-11T20:20:46,849 PruebasLog4j - IMPRIMIDOS 26000
[INFO ] 2023-04-11T20:20:47,742 PruebasLog4j - IMPRIMIDOS 27000
[INFO ] 2023-04-11T20:20:48,583 PruebasLog4j - IMPRIMIDOS 28000
[INFO ] 2023-04-11T20:20:49,496 PruebasLog4j - IMPRIMIDOS 29000
[INFO ] 2023-04-11T20:20:50,380 PruebasLog4j - IMPRIMIDOS 30000
[INFO ] 2023-04-11T20:20:50,380 PruebasLog4j - COMMIT 30000
[INFO ] 2023-04-11T20:20:51,290 PruebasLog4j - IMPRIMIDOS 31000
[INFO ] 2023-04-11T20:20:52,175 PruebasLog4j - IMPRIMIDOS 32000
[INFO ] 2023-04-11T20:20:53,088 PruebasLog4j - IMPRIMIDOS 33000
[INFO ] 2023-04-11T20:20:54,009 PruebasLog4j - IMPRIMIDOS 34000
[INFO ] 2023-04-11T20:20:54,992 PruebasLog4j - IMPRIMIDOS 35000
[INFO ] 2023-04-11T20:20:55,909 PruebasLog4j - IMPRIMIDOS 36000
[INFO ] 2023-04-11T20:20:56,864 PruebasLog4j - IMPRIMIDOS 37000
[INFO ] 2023-04-11T20:26:22,197 PruebasLog4j - FILAS AFECTADAS: 0
[INFO ] 2023-04-11T20:26:22,232 PruebasLog4j - INICIO DEL PROCEDURE
[ERROR] 2023-04-11T20:26:22,237 PruebasLog4j - Error en la clase App
[ERROR] 2023-04-11T20:26:22,238 PruebasLog4j - Esto es una prueba de error
[INFO ] 2023-04-11T20:26:22,238 PruebasLog4j - Esto es una prueba de info
[INFO ] 2023-04-11T20:26:41,606 PruebasLog4j - FILAS AFECTADAS: 0
[INFO ] 2023-04-11T20:26:41,630 PruebasLog4j - INICIO DEL PROCEDURE
[ERROR] 2023-04-11T20:26:41,655 PruebasLog4j - Error en la clase App
[ERROR] 2023-04-11T20:26:41,656 PruebasLog4j - Esto es una prueba de error
[INFO ] 2023-04-11T20:26:41,657 PruebasLog4j - Esto es una prueba de info
[INFO ] 2023-04-11T20:27:07,312 PruebasLog4j - FILAS AFECTADAS: 0
[INFO ] 2023-04-11T20:27:07,328 PruebasLog4j - INICIO DEL PROCEDURE
[ERROR] 2023-04-11T20:27:07,332 PruebasLog4j - Error en la clase App
[ERROR] 2023-04-11T20:27:07,332 PruebasLog4j - Esto es una prueba de error
[INFO ] 2023-04-11T20:27:07,333 PruebasLog4j - Esto es una prueba de info
[INFO ] 2023-04-11T20:28:26,853 PruebasLog4j - FILAS AFECTADAS: 0
[INFO ] 2023-04-11T20:28:26,872 PruebasLog4j - INICIO DEL PROCEDURE
[ERROR] 2023-04-11T20:28:26,875 PruebasLog4j - Error en la clase App
[ERROR] 2023-04-11T20:28:26,876 PruebasLog4j - Esto es una prueba de error
[INFO ] 2023-04-11T20:28:26,876 PruebasLog4j - Esto es una prueba de info
[INFO ] 2023-04-11T20:29:21,226 PruebasLog4j - FILAS AFECTADAS: 0
[INFO ] 2023-04-11T20:29:21,256 PruebasLog4j - INICIO DEL PROCEDURE
[ERROR] 2023-04-11T20:29:21,285 PruebasLog4j - Error en la clase App
[ERROR] 2023-04-11T20:29:21,286 PruebasLog4j - Esto es una prueba de error
[INFO ] 2023-04-11T20:29:21,287 PruebasLog4j - Esto es una prueba de info
[INFO ] 2023-04-11T20:29:48,888 PruebasLog4j - FILAS AFECTADAS: 0
[INFO ] 2023-04-11T20:29:48,905 PruebasLog4j - INICIO DEL PROCEDURE
[ERROR] 2023-04-11T20:29:48,914 PruebasLog4j - Error en la clase App
[ERROR] 2023-04-11T20:29:48,915 PruebasLog4j - Esto es una prueba de error
[INFO ] 2023-04-11T20:29:48,915 PruebasLog4j - Esto es una prueba de info
[INFO ] 2023-04-11T20:30:03,893 PruebasLog4j - FILAS AFECTADAS: 0
[INFO ] 2023-04-11T20:30:03,922 PruebasLog4j - INICIO DEL PROCEDURE
[ERROR] 2023-04-11T20:30:03,933 PruebasLog4j - Error en la clase App
[ERROR] 2023-04-11T20:30:03,934 PruebasLog4j - Esto es una prueba de error
[INFO ] 2023-04-11T20:30:03,934 PruebasLog4j - Esto es una prueba de info
[INFO ] 2023-04-11T20:30:19,715 PruebasLog4j - FILAS AFECTADAS: 0
[INFO ] 2023-04-11T20:30:19,737 PruebasLog4j - INICIO DEL PROCEDURE
[ERROR] 2023-04-11T20:30:19,761 PruebasLog4j - Error en la clase App
[ERROR] 2023-04-11T20:30:19,762 PruebasLog4j - Esto es una prueba de error
[INFO ] 2023-04-11T20:30:19,762 PruebasLog4j - Esto es una prueba de info
[INFO ] 2023-04-11T20:30:42,211 PruebasLog4j - FILAS AFECTADAS: 8
[INFO ] 2023-04-11T20:30:42,222 PruebasLog4j - INICIO DEL PROCEDURE
[INFO ] 2023-04-11T20:30:43,390 PruebasLog4j - IMPRIMIDOS 1000
[INFO ] 2023-04-11T20:30:44,450 PruebasLog4j - IMPRIMIDOS 2000
[INFO ] 2023-04-11T20:30:45,382 PruebasLog4j - IMPRIMIDOS 3000
[INFO ] 2023-04-11T20:30:46,248 PruebasLog4j - IMPRIMIDOS 4000
[INFO ] 2023-04-11T20:30:47,125 PruebasLog4j - IMPRIMIDOS 5000
[INFO ] 2023-04-11T20:30:48,161 PruebasLog4j - IMPRIMIDOS 6000
[INFO ] 2023-04-11T20:30:49,230 PruebasLog4j - IMPRIMIDOS 7000
[INFO ] 2023-04-11T20:30:50,104 PruebasLog4j - IMPRIMIDOS 8000
[INFO ] 2023-04-11T20:30:50,937 PruebasLog4j - IMPRIMIDOS 9000
[INFO ] 2023-04-11T20:30:51,806 PruebasLog4j - IMPRIMIDOS 10000
[INFO ] 2023-04-11T20:30:51,806 PruebasLog4j - COMMIT 10000
[INFO ] 2023-04-11T20:30:52,673 PruebasLog4j - IMPRIMIDOS 11000
[INFO ] 2023-04-11T20:30:53,556 PruebasLog4j - IMPRIMIDOS 12000
[INFO ] 2023-04-11T20:30:54,400 PruebasLog4j - IMPRIMIDOS 13000
[INFO ] 2023-04-11T20:30:55,241 PruebasLog4j - IMPRIMIDOS 14000
[INFO ] 2023-04-11T20:30:56,101 PruebasLog4j - IMPRIMIDOS 15000
[INFO ] 2023-04-11T20:30:56,998 PruebasLog4j - IMPRIMIDOS 16000
[INFO ] 2023-04-11T20:30:57,875 PruebasLog4j - IMPRIMIDOS 17000
[INFO ] 2023-04-11T20:30:58,725 PruebasLog4j - IMPRIMIDOS 18000
[INFO ] 2023-04-11T20:30:59,556 PruebasLog4j - IMPRIMIDOS 19000
[INFO ] 2023-04-11T20:31:00,429 PruebasLog4j - IMPRIMIDOS 20000
[INFO ] 2023-04-11T20:31:00,429 PruebasLog4j - COMMIT 20000
[INFO ] 2023-04-11T20:31:01,366 PruebasLog4j - IMPRIMIDOS 21000
[INFO ] 2023-04-11T20:31:02,599 PruebasLog4j - IMPRIMIDOS 22000
[INFO ] 2023-04-11T20:31:03,816 PruebasLog4j - IMPRIMIDOS 23000
[INFO ] 2023-04-11T20:31:04,966 PruebasLog4j - IMPRIMIDOS 24000
[INFO ] 2023-04-11T20:31:06,135 PruebasLog4j - IMPRIMIDOS 25000
[INFO ] 2023-04-11T20:31:07,147 PruebasLog4j - IMPRIMIDOS 26000
[INFO ] 2023-04-11T20:31:08,254 PruebasLog4j - IMPRIMIDOS 27000
[INFO ] 2023-04-11T20:31:09,119 PruebasLog4j - IMPRIMIDOS 28000
[INFO ] 2023-04-11T20:31:10,098 PruebasLog4j - IMPRIMIDOS 29000
[INFO ] 2023-04-11T20:31:10,969 PruebasLog4j - IMPRIMIDOS 30000
[INFO ] 2023-04-11T20:31:10,970 PruebasLog4j - COMMIT 30000
[INFO ] 2023-04-11T20:31:11,820 PruebasLog4j - IMPRIMIDOS 31000
[INFO ] 2023-04-11T20:31:12,663 PruebasLog4j - IMPRIMIDOS 32000
[INFO ] 2023-04-11T20:31:13,525 PruebasLog4j - IMPRIMIDOS 33000
[INFO ] 2023-04-11T20:31:14,383 PruebasLog4j - IMPRIMIDOS 34000
